12:57:29 **** Build of configuration Nios II for project assembly_demo_nios ****
make all 
Info: Building ../assembly_demo_nios_bsp/
C:/intelFPGA/18.1/nios2eds/bin/gnu/H-x86_64-mingw32/bin/make --no-print-directory -C ../assembly_demo_nios_bsp/
[BSP build complete]
Info: Assembling lights.s to obj/default/lights.o
nios2-elf-gcc -MP -MMD -c -I../assembly_demo_nios_bsp//HAL/inc -I../assembly_demo_nios_bsp/ -I../assembly_demo_nios_bsp//drivers/inc  -pipe -D__hal__ -DALT_NO_INSTRUCTION_EMULATION -DALT_SINGLE_THREADED    -O0 -g -Wall   -mno-hw-div -mno-hw-mul -mno-hw-mulx -mgpopt=global  -Wa,-I../assembly_demo_nios_bsp//HAL/inc -Wa,-I../assembly_demo_nios_bsp/ -Wa,-I../assembly_demo_nios_bsp//drivers/inc -Wa,-gdwarf2 -o obj/default/lights.o lights.s
Info: Linking assembly_demo_nios.elf
nios2-elf-g++  -T'../assembly_demo_nios_bsp//linker.x' -msys-crt0='../assembly_demo_nios_bsp//obj/HAL/src/crt0.o' -msys-lib=hal_bsp -L../assembly_demo_nios_bsp/   -Wl,-Map=assembly_demo_nios.map   -O0 -g -Wall   -mno-hw-div -mno-hw-mul -mno-hw-mulx -mgpopt=global  -o assembly_demo_nios.elf obj/default/lights.o -lm -msys-lib=m
nios2-elf-insert assembly_demo_nios.elf --thread_model hal --cpu_name nios2_gen2_0 --qsys true --simulation_enabled false --id 0 --sidp 0x11028 --timestamp 1737566571 --stderr_dev jtag_uart_0 --stdin_dev jtag_uart_0 --stdout_dev jtag_uart_0 --sopc_system_name nios_system --quartus_project_dir "C:/Users/eec9960/Documents/ESD1/Demos/demo2/assembly_demo" --jdi ../..//output_files/assembly_demo.jdi --sopcinfo C:/Users/eec9960/Documents/ESD1/Demos/demo2/assembly_demo/software/assembly_demo_nios_bsp/../../nios_system.sopcinfo
Info: (assembly_demo_nios.elf) 15 KBytes program size (code + initialized data).
Info:                          11 KBytes free for stack + heap.
Info: Creating assembly_demo_nios.objdump
nios2-elf-objdump --disassemble --syms --all-header --source assembly_demo_nios.elf >assembly_demo_nios.objdump
[assembly_demo_nios build complete]
12:58:16 **** Incremental Build of configuration Nios II for project assembly_demo_nios ****
make all 
Info: Building ../assembly_demo_nios_bsp/
C:/intelFPGA/18.1/nios2eds/bin/gnu/H-x86_64-mingw32/bin/make --no-print-directory -C ../assembly_demo_nios_bsp/
[BSP build complete]
[assembly_demo_nios build complete]
