Flow report for demo4_custom_components
Wed Feb 19 18:31:35 2025
Quartus Prime Version 18.1.0 Build 625 09/12/2018 SJ Standard Edition


---------------------
; Table of Contents ;
---------------------
  1. Legal Notice
  2. Flow Summary
  3. Flow Settings
  4. Flow Non-Default Global Settings
  5. Flow Elapsed Time
  6. Flow OS Summary
  7. Flow Log
  8. Flow Messages
  9. Flow Suppressed Messages



----------------
; Legal Notice ;
----------------
Copyright (C) 2018  Intel Corporation. All rights reserved.
Your use of Intel Corporation's design tools, logic functions 
and other software and tools, and its AMPP partner logic 
functions, and any output files from any of the foregoing 
(including device programming or simulation files), and any 
associated documentation or information are expressly subject 
to the terms and conditions of the Intel Program License 
Subscription Agreement, the Intel Quartus Prime License Agreement,
the Intel FPGA IP License Agreement, or other applicable license
agreement, including, without limitation, that your use is for
the sole purpose of programming logic devices manufactured by
Intel and sold by Intel or its authorized distributors.  Please
refer to the applicable agreement for further details.



+-----------------------------------------------------------------------------------+
; Flow Summary                                                                      ;
+---------------------------------+-------------------------------------------------+
; Flow Status                     ; Successful - Wed Feb 19 18:31:24 2025           ;
; Quartus Prime Version           ; 18.1.0 Build 625 09/12/2018 SJ Standard Edition ;
; Revision Name                   ; demo4_custom_components                         ;
; Top-level Entity Name           ; custom_component_demo                           ;
; Family                          ; Cyclone V                                       ;
; Device                          ; 5CSEMA5F31C6                                    ;
; Timing Models                   ; Final                                           ;
; Logic utilization (in ALMs)     ; 1,008 / 32,070 ( 3 % )                          ;
; Total registers                 ; 1777                                            ;
; Total pins                      ; 16 / 457 ( 4 % )                                ;
; Total virtual pins              ; 0                                               ;
; Total block memory bits         ; 286,464 / 4,065,280 ( 7 % )                     ;
; Total DSP Blocks                ; 0 / 87 ( 0 % )                                  ;
; Total HSSI RX PCSs              ; 0                                               ;
; Total HSSI PMA RX Deserializers ; 0                                               ;
; Total HSSI TX PCSs              ; 0                                               ;
; Total HSSI PMA TX Serializers   ; 0                                               ;
; Total PLLs                      ; 0 / 6 ( 0 % )                                   ;
; Total DLLs                      ; 0 / 4 ( 0 % )                                   ;
+---------------------------------+-------------------------------------------------+


+---------------------------------------------+
; Flow Settings                               ;
+-------------------+-------------------------+
; Option            ; Setting                 ;
+-------------------+-------------------------+
; Start date & time ; 02/19/2025 18:28:38     ;
; Main task         ; Compilation             ;
; Revision Name     ; demo4_custom_components ;
+-------------------+-------------------------+


+--------------------------------------------------------------------------------------------------------------------------------------------------------------------------+
; Flow Non-Default Global Settings                                                                                                                                         ;
+-------------------------------------+---------------------------------------------------------------+-------------------------+-----------------------+------------------+
; Assignment Name                     ; Value                                                         ; Default Value           ; Entity Name           ; Section Id       ;
+-------------------------------------+---------------------------------------------------------------+-------------------------+-----------------------+------------------+
; COMPILER_SIGNATURE_ID               ; 194042949994065.174000771822132                               ; --                      ; --                    ; --               ;
; ENABLE_SIGNALTAP                    ; On                                                            ; --                      ; --                    ; --               ;
; MAX_CORE_JUNCTION_TEMP              ; 85                                                            ; --                      ; --                    ; --               ;
; MIN_CORE_JUNCTION_TEMP              ; 0                                                             ; --                      ; --                    ; --               ;
; MISC_FILE                           ; nios_system/synthesis/../nios_system.cmp                      ; --                      ; --                    ; --               ;
; MISC_FILE                           ; nios_system/synthesis/../../nios_system.qsys                  ; --                      ; --                    ; --               ;
; PARTITION_COLOR                     ; -- (Not supported for targeted family)                        ; --                      ; custom_component_demo ; Top              ;
; PARTITION_FITTER_PRESERVATION_LEVEL ; -- (Not supported for targeted family)                        ; --                      ; custom_component_demo ; Top              ;
; PARTITION_NETLIST_TYPE              ; -- (Not supported for targeted family)                        ; --                      ; custom_component_demo ; Top              ;
; POWER_BOARD_THERMAL_MODEL           ; None (CONSERVATIVE)                                           ; --                      ; --                    ; --               ;
; POWER_PRESET_COOLING_SOLUTION       ; 23 MM HEAT SINK WITH 200 LFPM AIRFLOW                         ; --                      ; --                    ; --               ;
; PROJECT_OUTPUT_DIRECTORY            ; output_files                                                  ; --                      ; --                    ; --               ;
; SLD_FILE                            ; nios_system/synthesis/nios_system.regmap                      ; --                      ; --                    ; --               ;
; SLD_FILE                            ; nios_system/synthesis/nios_system.debuginfo                   ; --                      ; --                    ; --               ;
; SLD_FILE                            ; db/demo5_signal_tap_auto_stripped.stp                         ; --                      ; --                    ; --               ;
; SLD_INFO                            ; QSYS_NAME nios_system HAS_SOPCINFO 1 GENERATION_ID 1739403100 ; --                      ; nios_system           ; --               ;
; SLD_NODE_CREATOR_ID                 ; 110                                                           ; --                      ; --                    ; auto_signaltap_0 ;
; SLD_NODE_ENTITY_NAME                ; sld_signaltap                                                 ; --                      ; --                    ; auto_signaltap_0 ;
; SLD_NODE_PARAMETER_ASSIGNMENT       ; SLD_RAM_BLOCK_TYPE=AUTO                                       ; --                      ; --                    ; auto_signaltap_0 ;
; SLD_NODE_PARAMETER_ASSIGNMENT       ; SLD_DATA_BITS=74                                              ; --                      ; --                    ; auto_signaltap_0 ;
; SLD_NODE_PARAMETER_ASSIGNMENT       ; SLD_TRIGGER_BITS=1                                            ; --                      ; --                    ; auto_signaltap_0 ;
; SLD_NODE_PARAMETER_ASSIGNMENT       ; SLD_STORAGE_QUALIFIER_BITS=74                                 ; --                      ; --                    ; auto_signaltap_0 ;
; SLD_NODE_PARAMETER_ASSIGNMENT       ; SLD_NODE_INFO=805334528                                       ; --                      ; --                    ; auto_signaltap_0 ;
; SLD_NODE_PARAMETER_ASSIGNMENT       ; SLD_POWER_UP_TRIGGER=0                                        ; --                      ; --                    ; auto_signaltap_0 ;
; SLD_NODE_PARAMETER_ASSIGNMENT       ; SLD_STORAGE_QUALIFIER_INVERSION_MASK_LENGTH=0                 ; --                      ; --                    ; auto_signaltap_0 ;
; SLD_NODE_PARAMETER_ASSIGNMENT       ; SLD_ATTRIBUTE_MEM_MODE=OFF                                    ; --                      ; --                    ; auto_signaltap_0 ;
; SLD_NODE_PARAMETER_ASSIGNMENT       ; SLD_STATE_FLOW_USE_GENERATED=0                                ; --                      ; --                    ; auto_signaltap_0 ;
; SLD_NODE_PARAMETER_ASSIGNMENT       ; SLD_STATE_BITS=11                                             ; --                      ; --                    ; auto_signaltap_0 ;
; SLD_NODE_PARAMETER_ASSIGNMENT       ; SLD_BUFFER_FULL_STOP=1                                        ; --                      ; --                    ; auto_signaltap_0 ;
; SLD_NODE_PARAMETER_ASSIGNMENT       ; SLD_CURRENT_RESOURCE_WIDTH=1                                  ; --                      ; --                    ; auto_signaltap_0 ;
; SLD_NODE_PARAMETER_ASSIGNMENT       ; SLD_INCREMENTAL_ROUTING=1                                     ; --                      ; --                    ; auto_signaltap_0 ;
; SLD_NODE_PARAMETER_ASSIGNMENT       ; SLD_TRIGGER_LEVEL=1                                           ; --                      ; --                    ; auto_signaltap_0 ;
; SLD_NODE_PARAMETER_ASSIGNMENT       ; SLD_TRIGGER_IN_ENABLED=0                                      ; --                      ; --                    ; auto_signaltap_0 ;
; SLD_NODE_PARAMETER_ASSIGNMENT       ; SLD_TRIGGER_PIPELINE=0                                        ; --                      ; --                    ; auto_signaltap_0 ;
; SLD_NODE_PARAMETER_ASSIGNMENT       ; SLD_RAM_PIPELINE=0                                            ; --                      ; --                    ; auto_signaltap_0 ;
; SLD_NODE_PARAMETER_ASSIGNMENT       ; SLD_COUNTER_PIPELINE=0                                        ; --                      ; --                    ; auto_signaltap_0 ;
; SLD_NODE_PARAMETER_ASSIGNMENT       ; SLD_ADVANCED_TRIGGER_ENTITY=basic,1,                          ; --                      ; --                    ; auto_signaltap_0 ;
; SLD_NODE_PARAMETER_ASSIGNMENT       ; SLD_TRIGGER_LEVEL_PIPELINE=1                                  ; --                      ; --                    ; auto_signaltap_0 ;
; SLD_NODE_PARAMETER_ASSIGNMENT       ; SLD_ENABLE_ADVANCED_TRIGGER=0                                 ; --                      ; --                    ; auto_signaltap_0 ;
; SLD_NODE_PARAMETER_ASSIGNMENT       ; SLD_INVERSION_MASK=0000000000000000000000000                  ; --                      ; --                    ; auto_signaltap_0 ;
; SLD_NODE_PARAMETER_ASSIGNMENT       ; SLD_INVERSION_MASK_LENGTH=25                                  ; --                      ; --                    ; auto_signaltap_0 ;
; SLD_NODE_PARAMETER_ASSIGNMENT       ; SLD_SEGMENT_SIZE=256                                          ; --                      ; --                    ; auto_signaltap_0 ;
; SLD_NODE_PARAMETER_ASSIGNMENT       ; SLD_SAMPLE_DEPTH=256                                          ; --                      ; --                    ; auto_signaltap_0 ;
; SOPCINFO_FILE                       ; nios_system/synthesis/../../nios_system.sopcinfo              ; --                      ; --                    ; --               ;
; SYNTHESIS_ONLY_QIP                  ; On                                                            ; --                      ; --                    ; --               ;
; TOP_LEVEL_ENTITY                    ; custom_component_demo                                         ; demo4_custom_components ; --                    ; --               ;
; USE_SIGNALTAP_FILE                  ; demo5_signal_tap.stp                                          ; --                      ; --                    ; --               ;
+-------------------------------------+---------------------------------------------------------------+-------------------------+-----------------------+------------------+


+--------------------------------------------------------------------------------------------------------------------------+
; Flow Elapsed Time                                                                                                        ;
+----------------------+--------------+-------------------------+---------------------+------------------------------------+
; Module Name          ; Elapsed Time ; Average Processors Used ; Peak Virtual Memory ; Total CPU Time (on all processors) ;
+----------------------+--------------+-------------------------+---------------------+------------------------------------+
; Analysis & Synthesis ; 00:00:56     ; 1.0                     ; 5042 MB             ; 00:00:20                           ;
; Fitter               ; 00:01:30     ; 1.1                     ; 7262 MB             ; 00:01:40                           ;
; Assembler            ; 00:00:08     ; 1.0                     ; 4877 MB             ; 00:00:06                           ;
; Timing Analyzer      ; 00:00:09     ; 1.7                     ; 5300 MB             ; 00:00:09                           ;
; Total                ; 00:02:43     ; --                      ; --                  ; 00:02:15                           ;
+----------------------+--------------+-------------------------+---------------------+------------------------------------+


+------------------------------------------------------------------------------------+
; Flow OS Summary                                                                    ;
+----------------------+------------------+------------+------------+----------------+
; Module Name          ; Machine Hostname ; OS Name    ; OS Version ; Processor type ;
+----------------------+------------------+------------+------------+----------------+
; Analysis & Synthesis ; gol-1360-05      ; Windows 10 ; 10.0       ; x86_64         ;
; Fitter               ; gol-1360-05      ; Windows 10 ; 10.0       ; x86_64         ;
; Assembler            ; gol-1360-05      ; Windows 10 ; 10.0       ; x86_64         ;
; Timing Analyzer      ; gol-1360-05      ; Windows 10 ; 10.0       ; x86_64         ;
+----------------------+------------------+------------+------------+----------------+


------------
; Flow Log ;
------------
quartus_map --read_settings_files=on --write_settings_files=off demo4_custom_components -c demo4_custom_components
quartus_fit --read_settings_files=off --write_settings_files=off demo4_custom_components -c demo4_custom_components
quartus_asm --read_settings_files=off --write_settings_files=off demo4_custom_components -c demo4_custom_components
quartus_sta demo4_custom_components -c demo4_custom_components



