17:28:38 **** Build of configuration Nios II for project arb_app ****
make all 
Info: Building ../arb_app_bsp/
C:/intelFPGA/18.1/nios2eds/bin/gnu/H-x86_64-mingw32/bin/make --no-print-directory -C ../arb_app_bsp/
[BSP build complete]
Info: Compiling Arbitration_part1.c to obj/default/Arbitration_part1.o
nios2-elf-gcc -xc -MP -MMD -c -I../arb_app_bsp//HAL/inc -I../arb_app_bsp/ -I../arb_app_bsp//drivers/inc  -pipe -D__hal__ -DALT_NO_INSTRUCTION_EMULATION -DALT_SINGLE_THREADED    -O0 -g -Wall   -mno-hw-div -mno-hw-mul -mno-hw-mulx -mgpopt=global  -o obj/default/Arbitration_part1.o Arbitration_part1.c
Arbitration_part1.c: In function 'main':
Arbitration_part1.c:97:9: warning: unused variable 'fail' [-Wunused-variable]
   uint8 fail = 0;
         ^
Info: Linking arb_app.elf
nios2-elf-g++  -T'../arb_app_bsp//linker.x' -msys-crt0='../arb_app_bsp//obj/HAL/src/crt0.o' -msys-lib=hal_bsp -L../arb_app_bsp/   -Wl,-Map=arb_app.map   -O0 -g -Wall   -mno-hw-div -mno-hw-mul -mno-hw-mulx -mgpopt=global  -o arb_app.elf obj/default/Arbitration_part1.o -lm -msys-lib=m
nios2-elf-insert arb_app.elf --thread_model hal --cpu_name nios2_gen2_0 --qsys true --simulation_enabled false --id 0 --sidp 0x1810 --timestamp 1744233687 --stderr_dev jtag_uart_0 --stdin_dev jtag_uart_0 --stdout_dev jtag_uart_0 --sopc_system_name nios_system --quartus_project_dir "S:/ESD1/Demos/demo8/pt1" --jdi ../..//output_files/arbitration_demo.jdi --sopcinfo S:/ESD1/Demos/demo8/pt1/software/arb_app_bsp/../../nios_system.sopcinfo
Info: (arb_app.elf) 15 KBytes program size (code + initialized data).
Info:               11 KBytes free for stack + heap.
Info: Creating arb_app.objdump
nios2-elf-objdump --disassemble --syms --all-header --source arb_app.elf >arb_app.objdump
[arb_app build complete]
17:29:04 **** Build of configuration Nios II for project arb_app ****
make all 
Info: Building ../arb_app_bsp/
C:/intelFPGA/18.1/nios2eds/bin/gnu/H-x86_64-mingw32/bin/make --no-print-directory -C ../arb_app_bsp/
[BSP build complete]
[arb_app build complete]
17:29:15 **** Incremental Build of configuration Nios II for project arb_app ****
make all 
Info: Building ../arb_app_bsp/
C:/intelFPGA/18.1/nios2eds/bin/gnu/H-x86_64-mingw32/bin/make --no-print-directory -C ../arb_app_bsp/
[BSP build complete]
[arb_app build complete]
17:30:37 **** Incremental Build of configuration Nios II for project arb_app ****
make all 
Info: Building ../arb_app_bsp/
C:/intelFPGA/18.1/nios2eds/bin/gnu/H-x86_64-mingw32/bin/make --no-print-directory -C ../arb_app_bsp/
[BSP build complete]
[arb_app build complete]
17:31:28 **** Incremental Build of configuration Nios II for project arb_app ****
make all 
Info: Building ../arb_app_bsp/
C:/intelFPGA/18.1/nios2eds/bin/gnu/H-x86_64-mingw32/bin/make --no-print-directory -C ../arb_app_bsp/
[BSP build complete]
[arb_app build complete]
