Flow report for audio_filters
Wed Apr 23 13:46:24 2025
Quartus Prime Version 18.1.0 Build 625 09/12/2018 SJ Standard Edition


---------------------
; Table of Contents ;
---------------------
  1. Legal Notice
  2. Flow Summary
  3. Flow Settings
  4. Flow Non-Default Global Settings
  5. Flow Elapsed Time
  6. Flow OS Summary
  7. Flow Log
  8. Flow Messages
  9. Flow Suppressed Messages



----------------
; Legal Notice ;
----------------
Copyright (C) 2018  Intel Corporation. All rights reserved.
Your use of Intel Corporation's design tools, logic functions 
and other software and tools, and its AMPP partner logic 
functions, and any output files from any of the foregoing 
(including device programming or simulation files), and any 
associated documentation or information are expressly subject 
to the terms and conditions of the Intel Program License 
Subscription Agreement, the Intel Quartus Prime License Agreement,
the Intel FPGA IP License Agreement, or other applicable license
agreement, including, without limitation, that your use is for
the sole purpose of programming logic devices manufactured by
Intel and sold by Intel or its authorized distributors.  Please
refer to the applicable agreement for further details.



+-----------------------------------------------------------------------------------+
; Flow Summary                                                                      ;
+---------------------------------+-------------------------------------------------+
; Flow Status                     ; Successful - Wed Apr 23 13:46:08 2025           ;
; Quartus Prime Version           ; 18.1.0 Build 625 09/12/2018 SJ Standard Edition ;
; Revision Name                   ; audio_filters                                   ;
; Top-level Entity Name           ; audio_filt_top                                  ;
; Family                          ; Cyclone V                                       ;
; Device                          ; 5CSEMA5F31C6                                    ;
; Timing Models                   ; Final                                           ;
; Logic utilization (in ALMs)     ; 1,389 / 32,070 ( 4 % )                          ;
; Total registers                 ; 2205                                            ;
; Total pins                      ; 104 / 457 ( 23 % )                              ;
; Total virtual pins              ; 0                                               ;
; Total block memory bits         ; 543,872 / 4,065,280 ( 13 % )                    ;
; Total DSP Blocks                ; 15 / 87 ( 17 % )                                ;
; Total HSSI RX PCSs              ; 0                                               ;
; Total HSSI PMA RX Deserializers ; 0                                               ;
; Total HSSI TX PCSs              ; 0                                               ;
; Total HSSI PMA TX Serializers   ; 0                                               ;
; Total PLLs                      ; 1 / 6 ( 17 % )                                  ;
; Total DLLs                      ; 0 / 4 ( 0 % )                                   ;
+---------------------------------+-------------------------------------------------+


+-----------------------------------------+
; Flow Settings                           ;
+-------------------+---------------------+
; Option            ; Setting             ;
+-------------------+---------------------+
; Start date & time ; 04/23/2025 13:42:53 ;
; Main task         ; Compilation         ;
; Revision Name     ; audio_filters       ;
+-------------------+---------------------+


+---------------------------------------------------------------------------------------------------------------------------------------------------+
; Flow Non-Default Global Settings                                                                                                                  ;
+-------------------------------------+---------------------------------------------------------------+---------------+----------------+------------+
; Assignment Name                     ; Value                                                         ; Default Value ; Entity Name    ; Section Id ;
+-------------------------------------+---------------------------------------------------------------+---------------+----------------+------------+
; COMPILER_SIGNATURE_ID               ; 194042949994211.174543017202292                               ; --            ; --             ; --         ;
; MAX_CORE_JUNCTION_TEMP              ; 85                                                            ; --            ; --             ; --         ;
; MIN_CORE_JUNCTION_TEMP              ; 0                                                             ; --            ; --             ; --         ;
; MISC_FILE                           ; nios_system/synthesis/../nios_system.cmp                      ; --            ; --             ; --         ;
; MISC_FILE                           ; nios_system/synthesis/../../nios_system.qsys                  ; --            ; --             ; --         ;
; PARTITION_COLOR                     ; -- (Not supported for targeted family)                        ; --            ; audio_filt_top ; Top        ;
; PARTITION_FITTER_PRESERVATION_LEVEL ; -- (Not supported for targeted family)                        ; --            ; audio_filt_top ; Top        ;
; PARTITION_NETLIST_TYPE              ; -- (Not supported for targeted family)                        ; --            ; audio_filt_top ; Top        ;
; POWER_BOARD_THERMAL_MODEL           ; None (CONSERVATIVE)                                           ; --            ; --             ; --         ;
; POWER_PRESET_COOLING_SOLUTION       ; 23 MM HEAT SINK WITH 200 LFPM AIRFLOW                         ; --            ; --             ; --         ;
; PROJECT_OUTPUT_DIRECTORY            ; output_files                                                  ; --            ; --             ; --         ;
; SLD_FILE                            ; nios_system/synthesis/nios_system.regmap                      ; --            ; --             ; --         ;
; SLD_FILE                            ; nios_system/synthesis/nios_system.debuginfo                   ; --            ; --             ; --         ;
; SLD_INFO                            ; QSYS_NAME nios_system HAS_SOPCINFO 1 GENERATION_ID 1745430027 ; --            ; nios_system    ; --         ;
; SOPCINFO_FILE                       ; nios_system/synthesis/../../nios_system.sopcinfo              ; --            ; --             ; --         ;
; SYNTHESIS_ONLY_QIP                  ; On                                                            ; --            ; --             ; --         ;
; TOP_LEVEL_ENTITY                    ; audio_filt_top                                                ; audio_filters ; --             ; --         ;
+-------------------------------------+---------------------------------------------------------------+---------------+----------------+------------+


+--------------------------------------------------------------------------------------------------------------------------+
; Flow Elapsed Time                                                                                                        ;
+----------------------+--------------+-------------------------+---------------------+------------------------------------+
; Module Name          ; Elapsed Time ; Average Processors Used ; Peak Virtual Memory ; Total CPU Time (on all processors) ;
+----------------------+--------------+-------------------------+---------------------+------------------------------------+
; Analysis & Synthesis ; 00:01:11     ; 1.0                     ; 5095 MB             ; 00:00:28                           ;
; Fitter               ; 00:01:36     ; 1.1                     ; 7631 MB             ; 00:02:00                           ;
; Assembler            ; 00:00:08     ; 1.0                     ; 4900 MB             ; 00:00:07                           ;
; Timing Analyzer      ; 00:00:15     ; 1.8                     ; 5471 MB             ; 00:00:17                           ;
; Total                ; 00:03:10     ; --                      ; --                  ; 00:02:52                           ;
+----------------------+--------------+-------------------------+---------------------+------------------------------------+


+------------------------------------------------------------------------------------+
; Flow OS Summary                                                                    ;
+----------------------+------------------+------------+------------+----------------+
; Module Name          ; Machine Hostname ; OS Name    ; OS Version ; Processor type ;
+----------------------+------------------+------------+------------+----------------+
; Analysis & Synthesis ; gol-1360-08      ; Windows 10 ; 10.0       ; x86_64         ;
; Fitter               ; gol-1360-08      ; Windows 10 ; 10.0       ; x86_64         ;
; Assembler            ; gol-1360-08      ; Windows 10 ; 10.0       ; x86_64         ;
; Timing Analyzer      ; gol-1360-08      ; Windows 10 ; 10.0       ; x86_64         ;
+----------------------+------------------+------------+------------+----------------+


------------
; Flow Log ;
------------
quartus_map --read_settings_files=on --write_settings_files=off audio_filters -c audio_filters
quartus_fit --read_settings_files=off --write_settings_files=off audio_filters -c audio_filters
quartus_asm --read_settings_files=off --write_settings_files=off audio_filters -c audio_filters
quartus_sta audio_filters -c audio_filters



