15:19:02 **** Incremental Build of configuration Nios II for project l2_assembly_software ****
make all 
Info: Building ../l2_assembly_software_bsp/
C:/intelFPGA/18.1/nios2eds/bin/gnu/H-x86_64-mingw32/bin/make --no-print-directory -C ../l2_assembly_software_bsp/
[BSP build complete]
Info: Assembling main.s to obj/default/main.o
nios2-elf-gcc -MP -MMD -c -I../l2_assembly_software_bsp//HAL/inc -I../l2_assembly_software_bsp/ -I../l2_assembly_software_bsp//drivers/inc  -pipe -D__hal__ -DALT_NO_INSTRUCTION_EMULATION -DALT_SINGLE_THREADED    -O0 -g -Wall   -mno-hw-div -mno-hw-mul -mno-hw-mulx -mgpopt=global  -Wa,-I../l2_assembly_software_bsp//HAL/inc -Wa,-I../l2_assembly_software_bsp/ -Wa,-I../l2_assembly_software_bsp//drivers/inc -Wa,-gdwarf2 -o obj/default/main.o main.s
Info: Linking l2_assembly_software.elf
nios2-elf-g++  -T'../l2_assembly_software_bsp//linker.x' -msys-crt0='../l2_assembly_software_bsp//obj/HAL/src/crt0.o' -msys-lib=hal_bsp -L../l2_assembly_software_bsp/   -Wl,-Map=l2_assembly_software.map   -O0 -g -Wall   -mno-hw-div -mno-hw-mul -mno-hw-mulx -mgpopt=global  -o l2_assembly_software.elf obj/default/main.o -lm -msys-lib=m
nios2-elf-insert l2_assembly_software.elf --thread_model hal --cpu_name nios2_gen2_0 --qsys true --simulation_enabled false --id 0 --sidp 0x11030 --timestamp 1737575317 --stderr_dev jtag_uart_0 --stdin_dev jtag_uart_0 --stdout_dev jtag_uart_0 --sopc_system_name nios_system --quartus_project_dir "C:/Users/eec9960/Documents/ESD1/Labs/Lab2" --jdi ../..//output_files/nios_assembly_lab.jdi --sopcinfo C:/Users/eec9960/Documents/ESD1/Labs/Lab2/software/l2_assembly_software_bsp/../../nios_system.sopcinfo
Info: (l2_assembly_software.elf) 15 KBytes program size (code + initialized data).
Info:                            11 KBytes free for stack + heap.
Info: Creating l2_assembly_software.objdump
nios2-elf-objdump --disassemble --syms --all-header --source l2_assembly_software.elf >l2_assembly_software.objdump
[l2_assembly_software build complete]
15:19:08 **** Incremental Build of configuration Nios II for project l2_assembly_software ****
make all 
Info: Building ../l2_assembly_software_bsp/
C:/intelFPGA/18.1/nios2eds/bin/gnu/H-x86_64-mingw32/bin/make --no-print-directory -C ../l2_assembly_software_bsp/
[BSP build complete]
[l2_assembly_software build complete]
15:19:42 **** Incremental Build of configuration Nios II for project l2_assembly_software ****
make all 
Info: Building ../l2_assembly_software_bsp/
C:/intelFPGA/18.1/nios2eds/bin/gnu/H-x86_64-mingw32/bin/make --no-print-directory -C ../l2_assembly_software_bsp/
[BSP build complete]
[l2_assembly_software build complete]
15:26:50 **** Incremental Build of configuration Nios II for project l2_assembly_software ****
make all 
Info: Building ../l2_assembly_software_bsp/
C:/intelFPGA/18.1/nios2eds/bin/gnu/H-x86_64-mingw32/bin/make --no-print-directory -C ../l2_assembly_software_bsp/
[BSP build complete]
Info: Assembling main.s to obj/default/main.o
nios2-elf-gcc -MP -MMD -c -I../l2_assembly_software_bsp//HAL/inc -I../l2_assembly_software_bsp/ -I../l2_assembly_software_bsp//drivers/inc  -pipe -D__hal__ -DALT_NO_INSTRUCTION_EMULATION -DALT_SINGLE_THREADED    -O0 -g -Wall   -mno-hw-div -mno-hw-mul -mno-hw-mulx -mgpopt=global  -Wa,-I../l2_assembly_software_bsp//HAL/inc -Wa,-I../l2_assembly_software_bsp/ -Wa,-I../l2_assembly_software_bsp//drivers/inc -Wa,-gdwarf2 -o obj/default/main.o main.s
Info: Linking l2_assembly_software.elf
nios2-elf-g++  -T'../l2_assembly_software_bsp//linker.x' -msys-crt0='../l2_assembly_software_bsp//obj/HAL/src/crt0.o' -msys-lib=hal_bsp -L../l2_assembly_software_bsp/   -Wl,-Map=l2_assembly_software.map   -O0 -g -Wall   -mno-hw-div -mno-hw-mul -mno-hw-mulx -mgpopt=global  -o l2_assembly_software.elf obj/default/main.o -lm -msys-lib=m
nios2-elf-insert l2_assembly_software.elf --thread_model hal --cpu_name nios2_gen2_0 --qsys true --simulation_enabled false --id 0 --sidp 0x11030 --timestamp 1737575317 --stderr_dev jtag_uart_0 --stdin_dev jtag_uart_0 --stdout_dev jtag_uart_0 --sopc_system_name nios_system --quartus_project_dir "C:/Users/eec9960/Documents/ESD1/Labs/Lab2" --jdi ../..//output_files/nios_assembly_lab.jdi --sopcinfo C:/Users/eec9960/Documents/ESD1/Labs/Lab2/software/l2_assembly_software_bsp/../../nios_system.sopcinfo
Info: (l2_assembly_software.elf) 15 KBytes program size (code + initialized data).
Info:                            11 KBytes free for stack + heap.
Info: Creating l2_assembly_software.objdump
nios2-elf-objdump --disassemble --syms --all-header --source l2_assembly_software.elf >l2_assembly_software.objdump
[l2_assembly_software build complete]
15:27:25 **** Incremental Build of configuration Nios II for project l2_assembly_software ****
make all 
Info: Building ../l2_assembly_software_bsp/
C:/intelFPGA/18.1/nios2eds/bin/gnu/H-x86_64-mingw32/bin/make --no-print-directory -C ../l2_assembly_software_bsp/
[BSP build complete]
Info: Assembling main.s to obj/default/main.o
nios2-elf-gcc -MP -MMD -c -I../l2_assembly_software_bsp//HAL/inc -I../l2_assembly_software_bsp/ -I../l2_assembly_software_bsp//drivers/inc  -pipe -D__hal__ -DALT_NO_INSTRUCTION_EMULATION -DALT_SINGLE_THREADED    -O0 -g -Wall   -mno-hw-div -mno-hw-mul -mno-hw-mulx -mgpopt=global  -Wa,-I../l2_assembly_software_bsp//HAL/inc -Wa,-I../l2_assembly_software_bsp/ -Wa,-I../l2_assembly_software_bsp//drivers/inc -Wa,-gdwarf2 -o obj/default/main.o main.s
Info: Linking l2_assembly_software.elf
nios2-elf-g++  -T'../l2_assembly_software_bsp//linker.x' -msys-crt0='../l2_assembly_software_bsp//obj/HAL/src/crt0.o' -msys-lib=hal_bsp -L../l2_assembly_software_bsp/   -Wl,-Map=l2_assembly_software.map   -O0 -g -Wall   -mno-hw-div -mno-hw-mul -mno-hw-mulx -mgpopt=global  -o l2_assembly_software.elf obj/default/main.o -lm -msys-lib=m
nios2-elf-insert l2_assembly_software.elf --thread_model hal --cpu_name nios2_gen2_0 --qsys true --simulation_enabled false --id 0 --sidp 0x11030 --timestamp 1737575317 --stderr_dev jtag_uart_0 --stdin_dev jtag_uart_0 --stdout_dev jtag_uart_0 --sopc_system_name nios_system --quartus_project_dir "C:/Users/eec9960/Documents/ESD1/Labs/Lab2" --jdi ../..//output_files/nios_assembly_lab.jdi --sopcinfo C:/Users/eec9960/Documents/ESD1/Labs/Lab2/software/l2_assembly_software_bsp/../../nios_system.sopcinfo
Info: (l2_assembly_software.elf) 15 KBytes program size (code + initialized data).
Info:                            11 KBytes free for stack + heap.
Info: Creating l2_assembly_software.objdump
nios2-elf-objdump --disassemble --syms --all-header --source l2_assembly_software.elf >l2_assembly_software.objdump
[l2_assembly_software build complete]
15:28:24 **** Incremental Build of configuration Nios II for project l2_assembly_software ****
make all 
Info: Building ../l2_assembly_software_bsp/
C:/intelFPGA/18.1/nios2eds/bin/gnu/H-x86_64-mingw32/bin/make --no-print-directory -C ../l2_assembly_software_bsp/
[BSP build complete]
Info: Assembling main.s to obj/default/main.o
nios2-elf-gcc -MP -MMD -c -I../l2_assembly_software_bsp//HAL/inc -I../l2_assembly_software_bsp/ -I../l2_assembly_software_bsp//drivers/inc  -pipe -D__hal__ -DALT_NO_INSTRUCTION_EMULATION -DALT_SINGLE_THREADED    -O0 -g -Wall   -mno-hw-div -mno-hw-mul -mno-hw-mulx -mgpopt=global  -Wa,-I../l2_assembly_software_bsp//HAL/inc -Wa,-I../l2_assembly_software_bsp/ -Wa,-I../l2_assembly_software_bsp//drivers/inc -Wa,-gdwarf2 -o obj/default/main.o main.s
Info: Linking l2_assembly_software.elf
nios2-elf-g++  -T'../l2_assembly_software_bsp//linker.x' -msys-crt0='../l2_assembly_software_bsp//obj/HAL/src/crt0.o' -msys-lib=hal_bsp -L../l2_assembly_software_bsp/   -Wl,-Map=l2_assembly_software.map   -O0 -g -Wall   -mno-hw-div -mno-hw-mul -mno-hw-mulx -mgpopt=global  -o l2_assembly_software.elf obj/default/main.o -lm -msys-lib=m
nios2-elf-insert l2_assembly_software.elf --thread_model hal --cpu_name nios2_gen2_0 --qsys true --simulation_enabled false --id 0 --sidp 0x11030 --timestamp 1737575317 --stderr_dev jtag_uart_0 --stdin_dev jtag_uart_0 --stdout_dev jtag_uart_0 --sopc_system_name nios_system --quartus_project_dir "C:/Users/eec9960/Documents/ESD1/Labs/Lab2" --jdi ../..//output_files/nios_assembly_lab.jdi --sopcinfo C:/Users/eec9960/Documents/ESD1/Labs/Lab2/software/l2_assembly_software_bsp/../../nios_system.sopcinfo
Info: (l2_assembly_software.elf) 15 KBytes program size (code + initialized data).
Info:                            11 KBytes free for stack + heap.
Info: Creating l2_assembly_software.objdump
nios2-elf-objdump --disassemble --syms --all-header --source l2_assembly_software.elf >l2_assembly_software.objdump
[l2_assembly_software build complete]
15:29:46 **** Incremental Build of configuration Nios II for project l2_assembly_software ****
make all 
Info: Building ../l2_assembly_software_bsp/
C:/intelFPGA/18.1/nios2eds/bin/gnu/H-x86_64-mingw32/bin/make --no-print-directory -C ../l2_assembly_software_bsp/
[BSP build complete]
Info: Assembling main.s to obj/default/main.o
nios2-elf-gcc -MP -MMD -c -I../l2_assembly_software_bsp//HAL/inc -I../l2_assembly_software_bsp/ -I../l2_assembly_software_bsp//drivers/inc  -pipe -D__hal__ -DALT_NO_INSTRUCTION_EMULATION -DALT_SINGLE_THREADED    -O0 -g -Wall   -mno-hw-div -mno-hw-mul -mno-hw-mulx -mgpopt=global  -Wa,-I../l2_assembly_software_bsp//HAL/inc -Wa,-I../l2_assembly_software_bsp/ -Wa,-I../l2_assembly_software_bsp//drivers/inc -Wa,-gdwarf2 -o obj/default/main.o main.s
Info: Linking l2_assembly_software.elf
nios2-elf-g++  -T'../l2_assembly_software_bsp//linker.x' -msys-crt0='../l2_assembly_software_bsp//obj/HAL/src/crt0.o' -msys-lib=hal_bsp -L../l2_assembly_software_bsp/   -Wl,-Map=l2_assembly_software.map   -O0 -g -Wall   -mno-hw-div -mno-hw-mul -mno-hw-mulx -mgpopt=global  -o l2_assembly_software.elf obj/default/main.o -lm -msys-lib=m
nios2-elf-insert l2_assembly_software.elf --thread_model hal --cpu_name nios2_gen2_0 --qsys true --simulation_enabled false --id 0 --sidp 0x11030 --timestamp 1737575317 --stderr_dev jtag_uart_0 --stdin_dev jtag_uart_0 --stdout_dev jtag_uart_0 --sopc_system_name nios_system --quartus_project_dir "C:/Users/eec9960/Documents/ESD1/Labs/Lab2" --jdi ../..//output_files/nios_assembly_lab.jdi --sopcinfo C:/Users/eec9960/Documents/ESD1/Labs/Lab2/software/l2_assembly_software_bsp/../../nios_system.sopcinfo
Info: (l2_assembly_software.elf) 15 KBytes program size (code + initialized data).
Info:                            11 KBytes free for stack + heap.
Info: Creating l2_assembly_software.objdump
nios2-elf-objdump --disassemble --syms --all-header --source l2_assembly_software.elf >l2_assembly_software.objdump
[l2_assembly_software build complete]
15:32:42 **** Incremental Build of configuration Nios II for project l2_assembly_software ****
make all 
Info: Building ../l2_assembly_software_bsp/
C:/intelFPGA/18.1/nios2eds/bin/gnu/H-x86_64-mingw32/bin/make --no-print-directory -C ../l2_assembly_software_bsp/
[BSP build complete]
Info: Assembling main.s to obj/default/main.o
nios2-elf-gcc -MP -MMD -c -I../l2_assembly_software_bsp//HAL/inc -I../l2_assembly_software_bsp/ -I../l2_assembly_software_bsp//drivers/inc  -pipe -D__hal__ -DALT_NO_INSTRUCTION_EMULATION -DALT_SINGLE_THREADED    -O0 -g -Wall   -mno-hw-div -mno-hw-mul -mno-hw-mulx -mgpopt=global  -Wa,-I../l2_assembly_software_bsp//HAL/inc -Wa,-I../l2_assembly_software_bsp/ -Wa,-I../l2_assembly_software_bsp//drivers/inc -Wa,-gdwarf2 -o obj/default/main.o main.s
Info: Linking l2_assembly_software.elf
nios2-elf-g++  -T'../l2_assembly_software_bsp//linker.x' -msys-crt0='../l2_assembly_software_bsp//obj/HAL/src/crt0.o' -msys-lib=hal_bsp -L../l2_assembly_software_bsp/   -Wl,-Map=l2_assembly_software.map   -O0 -g -Wall   -mno-hw-div -mno-hw-mul -mno-hw-mulx -mgpopt=global  -o l2_assembly_software.elf obj/default/main.o -lm -msys-lib=m
nios2-elf-insert l2_assembly_software.elf --thread_model hal --cpu_name nios2_gen2_0 --qsys true --simulation_enabled false --id 0 --sidp 0x11030 --timestamp 1737575317 --stderr_dev jtag_uart_0 --stdin_dev jtag_uart_0 --stdout_dev jtag_uart_0 --sopc_system_name nios_system --quartus_project_dir "C:/Users/eec9960/Documents/ESD1/Labs/Lab2" --jdi ../..//output_files/nios_assembly_lab.jdi --sopcinfo C:/Users/eec9960/Documents/ESD1/Labs/Lab2/software/l2_assembly_software_bsp/../../nios_system.sopcinfo
Info: (l2_assembly_software.elf) 15 KBytes program size (code + initialized data).
Info:                            11 KBytes free for stack + heap.
Info: Creating l2_assembly_software.objdump
nios2-elf-objdump --disassemble --syms --all-header --source l2_assembly_software.elf >l2_assembly_software.objdump
[l2_assembly_software build complete]
15:33:50 **** Incremental Build of configuration Nios II for project l2_assembly_software ****
make all 
Info: Building ../l2_assembly_software_bsp/
C:/intelFPGA/18.1/nios2eds/bin/gnu/H-x86_64-mingw32/bin/make --no-print-directory -C ../l2_assembly_software_bsp/
[BSP build complete]
Info: Assembling main.s to obj/default/main.o
nios2-elf-gcc -MP -MMD -c -I../l2_assembly_software_bsp//HAL/inc -I../l2_assembly_software_bsp/ -I../l2_assembly_software_bsp//drivers/inc  -pipe -D__hal__ -DALT_NO_INSTRUCTION_EMULATION -DALT_SINGLE_THREADED    -O0 -g -Wall   -mno-hw-div -mno-hw-mul -mno-hw-mulx -mgpopt=global  -Wa,-I../l2_assembly_software_bsp//HAL/inc -Wa,-I../l2_assembly_software_bsp/ -Wa,-I../l2_assembly_software_bsp//drivers/inc -Wa,-gdwarf2 -o obj/default/main.o main.s
Info: Linking l2_assembly_software.elf
nios2-elf-g++  -T'../l2_assembly_software_bsp//linker.x' -msys-crt0='../l2_assembly_software_bsp//obj/HAL/src/crt0.o' -msys-lib=hal_bsp -L../l2_assembly_software_bsp/   -Wl,-Map=l2_assembly_software.map   -O0 -g -Wall   -mno-hw-div -mno-hw-mul -mno-hw-mulx -mgpopt=global  -o l2_assembly_software.elf obj/default/main.o -lm -msys-lib=m
nios2-elf-insert l2_assembly_software.elf --thread_model hal --cpu_name nios2_gen2_0 --qsys true --simulation_enabled false --id 0 --sidp 0x11030 --timestamp 1737575317 --stderr_dev jtag_uart_0 --stdin_dev jtag_uart_0 --stdout_dev jtag_uart_0 --sopc_system_name nios_system --quartus_project_dir "C:/Users/eec9960/Documents/ESD1/Labs/Lab2" --jdi ../..//output_files/nios_assembly_lab.jdi --sopcinfo C:/Users/eec9960/Documents/ESD1/Labs/Lab2/software/l2_assembly_software_bsp/../../nios_system.sopcinfo
Info: (l2_assembly_software.elf) 15 KBytes program size (code + initialized data).
Info:                            11 KBytes free for stack + heap.
Info: Creating l2_assembly_software.objdump
nios2-elf-objdump --disassemble --syms --all-header --source l2_assembly_software.elf >l2_assembly_software.objdump
[l2_assembly_software build complete]
15:37:00 **** Incremental Build of configuration Nios II for project l2_assembly_software ****
make all 
Info: Building ../l2_assembly_software_bsp/
C:/intelFPGA/18.1/nios2eds/bin/gnu/H-x86_64-mingw32/bin/make --no-print-directory -C ../l2_assembly_software_bsp/
[BSP build complete]
Info: Assembling main.s to obj/default/main.o
nios2-elf-gcc -MP -MMD -c -I../l2_assembly_software_bsp//HAL/inc -I../l2_assembly_software_bsp/ -I../l2_assembly_software_bsp//drivers/inc  -pipe -D__hal__ -DALT_NO_INSTRUCTION_EMULATION -DALT_SINGLE_THREADED    -O0 -g -Wall   -mno-hw-div -mno-hw-mul -mno-hw-mulx -mgpopt=global  -Wa,-I../l2_assembly_software_bsp//HAL/inc -Wa,-I../l2_assembly_software_bsp/ -Wa,-I../l2_assembly_software_bsp//drivers/inc -Wa,-gdwarf2 -o obj/default/main.o main.s
Info: Linking l2_assembly_software.elf
nios2-elf-g++  -T'../l2_assembly_software_bsp//linker.x' -msys-crt0='../l2_assembly_software_bsp//obj/HAL/src/crt0.o' -msys-lib=hal_bsp -L../l2_assembly_software_bsp/   -Wl,-Map=l2_assembly_software.map   -O0 -g -Wall   -mno-hw-div -mno-hw-mul -mno-hw-mulx -mgpopt=global  -o l2_assembly_software.elf obj/default/main.o -lm -msys-lib=m
nios2-elf-insert l2_assembly_software.elf --thread_model hal --cpu_name nios2_gen2_0 --qsys true --simulation_enabled false --id 0 --sidp 0x11030 --timestamp 1737575317 --stderr_dev jtag_uart_0 --stdin_dev jtag_uart_0 --stdout_dev jtag_uart_0 --sopc_system_name nios_system --quartus_project_dir "C:/Users/eec9960/Documents/ESD1/Labs/Lab2" --jdi ../..//output_files/nios_assembly_lab.jdi --sopcinfo C:/Users/eec9960/Documents/ESD1/Labs/Lab2/software/l2_assembly_software_bsp/../../nios_system.sopcinfo
Info: (l2_assembly_software.elf) 15 KBytes program size (code + initialized data).
Info:                            11 KBytes free for stack + heap.
Info: Creating l2_assembly_software.objdump
nios2-elf-objdump --disassemble --syms --all-header --source l2_assembly_software.elf >l2_assembly_software.objdump
[l2_assembly_software build complete]
15:40:39 **** Incremental Build of configuration Nios II for project l2_assembly_software ****
make all 
Info: Building ../l2_assembly_software_bsp/
C:/intelFPGA/18.1/nios2eds/bin/gnu/H-x86_64-mingw32/bin/make --no-print-directory -C ../l2_assembly_software_bsp/
[BSP build complete]
Info: Assembling main.s to obj/default/main.o
nios2-elf-gcc -MP -MMD -c -I../l2_assembly_software_bsp//HAL/inc -I../l2_assembly_software_bsp/ -I../l2_assembly_software_bsp//drivers/inc  -pipe -D__hal__ -DALT_NO_INSTRUCTION_EMULATION -DALT_SINGLE_THREADED    -O0 -g -Wall   -mno-hw-div -mno-hw-mul -mno-hw-mulx -mgpopt=global  -Wa,-I../l2_assembly_software_bsp//HAL/inc -Wa,-I../l2_assembly_software_bsp/ -Wa,-I../l2_assembly_software_bsp//drivers/inc -Wa,-gdwarf2 -o obj/default/main.o main.s
Info: Linking l2_assembly_software.elf
nios2-elf-g++  -T'../l2_assembly_software_bsp//linker.x' -msys-crt0='../l2_assembly_software_bsp//obj/HAL/src/crt0.o' -msys-lib=hal_bsp -L../l2_assembly_software_bsp/   -Wl,-Map=l2_assembly_software.map   -O0 -g -Wall   -mno-hw-div -mno-hw-mul -mno-hw-mulx -mgpopt=global  -o l2_assembly_software.elf obj/default/main.o -lm -msys-lib=m
nios2-elf-insert l2_assembly_software.elf --thread_model hal --cpu_name nios2_gen2_0 --qsys true --simulation_enabled false --id 0 --sidp 0x11030 --timestamp 1737575317 --stderr_dev jtag_uart_0 --stdin_dev jtag_uart_0 --stdout_dev jtag_uart_0 --sopc_system_name nios_system --quartus_project_dir "C:/Users/eec9960/Documents/ESD1/Labs/Lab2" --jdi ../..//output_files/nios_assembly_lab.jdi --sopcinfo C:/Users/eec9960/Documents/ESD1/Labs/Lab2/software/l2_assembly_software_bsp/../../nios_system.sopcinfo
Info: (l2_assembly_software.elf) 15 KBytes program size (code + initialized data).
Info:                            11 KBytes free for stack + heap.
Info: Creating l2_assembly_software.objdump
nios2-elf-objdump --disassemble --syms --all-header --source l2_assembly_software.elf >l2_assembly_software.objdump
[l2_assembly_software build complete]
15:43:31 **** Incremental Build of configuration Nios II for project l2_assembly_software ****
make all 
Info: Building ../l2_assembly_software_bsp/
C:/intelFPGA/18.1/nios2eds/bin/gnu/H-x86_64-mingw32/bin/make --no-print-directory -C ../l2_assembly_software_bsp/
[BSP build complete]
Info: Assembling main.s to obj/default/main.o
nios2-elf-gcc -MP -MMD -c -I../l2_assembly_software_bsp//HAL/inc -I../l2_assembly_software_bsp/ -I../l2_assembly_software_bsp//drivers/inc  -pipe -D__hal__ -DALT_NO_INSTRUCTION_EMULATION -DALT_SINGLE_THREADED    -O0 -g -Wall   -mno-hw-div -mno-hw-mul -mno-hw-mulx -mgpopt=global  -Wa,-I../l2_assembly_software_bsp//HAL/inc -Wa,-I../l2_assembly_software_bsp/ -Wa,-I../l2_assembly_software_bsp//drivers/inc -Wa,-gdwarf2 -o obj/default/main.o main.s
Info: Linking l2_assembly_software.elf
nios2-elf-g++  -T'../l2_assembly_software_bsp//linker.x' -msys-crt0='../l2_assembly_software_bsp//obj/HAL/src/crt0.o' -msys-lib=hal_bsp -L../l2_assembly_software_bsp/   -Wl,-Map=l2_assembly_software.map   -O0 -g -Wall   -mno-hw-div -mno-hw-mul -mno-hw-mulx -mgpopt=global  -o l2_assembly_software.elf obj/default/main.o -lm -msys-lib=m
obj/default/main.o: In function `minCheck':
C:\Users\eec9960\Documents\ESD1\Labs\Lab2\software\l2_assembly_software/main.s:74: undefined reference to `r7'
C:\Users\eec9960\Documents\ESD1\Labs\Lab2\software\l2_assembly_software/main.s:74: undefined reference to `r7'
collect2.exe: error: ld returned 1 exit status
make: *** [l2_assembly_software.elf] Error 1
15:43:54 **** Incremental Build of configuration Nios II for project l2_assembly_software ****
make all 
Info: Building ../l2_assembly_software_bsp/
C:/intelFPGA/18.1/nios2eds/bin/gnu/H-x86_64-mingw32/bin/make --no-print-directory -C ../l2_assembly_software_bsp/
[BSP build complete]
Info: Assembling main.s to obj/default/main.o
nios2-elf-gcc -MP -MMD -c -I../l2_assembly_software_bsp//HAL/inc -I../l2_assembly_software_bsp/ -I../l2_assembly_software_bsp//drivers/inc  -pipe -D__hal__ -DALT_NO_INSTRUCTION_EMULATION -DALT_SINGLE_THREADED    -O0 -g -Wall   -mno-hw-div -mno-hw-mul -mno-hw-mulx -mgpopt=global  -Wa,-I../l2_assembly_software_bsp//HAL/inc -Wa,-I../l2_assembly_software_bsp/ -Wa,-I../l2_assembly_software_bsp//drivers/inc -Wa,-gdwarf2 -o obj/default/main.o main.s
Info: Linking l2_assembly_software.elf
nios2-elf-g++  -T'../l2_assembly_software_bsp//linker.x' -msys-crt0='../l2_assembly_software_bsp//obj/HAL/src/crt0.o' -msys-lib=hal_bsp -L../l2_assembly_software_bsp/   -Wl,-Map=l2_assembly_software.map   -O0 -g -Wall   -mno-hw-div -mno-hw-mul -mno-hw-mulx -mgpopt=global  -o l2_assembly_software.elf obj/default/main.o -lm -msys-lib=m
nios2-elf-insert l2_assembly_software.elf --thread_model hal --cpu_name nios2_gen2_0 --qsys true --simulation_enabled false --id 0 --sidp 0x11030 --timestamp 1737575317 --stderr_dev jtag_uart_0 --stdin_dev jtag_uart_0 --stdout_dev jtag_uart_0 --sopc_system_name nios_system --quartus_project_dir "C:/Users/eec9960/Documents/ESD1/Labs/Lab2" --jdi ../..//output_files/nios_assembly_lab.jdi --sopcinfo C:/Users/eec9960/Documents/ESD1/Labs/Lab2/software/l2_assembly_software_bsp/../../nios_system.sopcinfo
Info: (l2_assembly_software.elf) 15 KBytes program size (code + initialized data).
Info:                            11 KBytes free for stack + heap.
Info: Creating l2_assembly_software.objdump
nios2-elf-objdump --disassemble --syms --all-header --source l2_assembly_software.elf >l2_assembly_software.objdump
[l2_assembly_software build complete]
15:46:33 **** Incremental Build of configuration Nios II for project l2_assembly_software ****
make all 
Info: Building ../l2_assembly_software_bsp/
C:/intelFPGA/18.1/nios2eds/bin/gnu/H-x86_64-mingw32/bin/make --no-print-directory -C ../l2_assembly_software_bsp/
[BSP build complete]
Info: Assembling main.s to obj/default/main.o
nios2-elf-gcc -MP -MMD -c -I../l2_assembly_software_bsp//HAL/inc -I../l2_assembly_software_bsp/ -I../l2_assembly_software_bsp//drivers/inc  -pipe -D__hal__ -DALT_NO_INSTRUCTION_EMULATION -DALT_SINGLE_THREADED    -O0 -g -Wall   -mno-hw-div -mno-hw-mul -mno-hw-mulx -mgpopt=global  -Wa,-I../l2_assembly_software_bsp//HAL/inc -Wa,-I../l2_assembly_software_bsp/ -Wa,-I../l2_assembly_software_bsp//drivers/inc -Wa,-gdwarf2 -o obj/default/main.o main.s
Info: Linking l2_assembly_software.elf
nios2-elf-g++  -T'../l2_assembly_software_bsp//linker.x' -msys-crt0='../l2_assembly_software_bsp//obj/HAL/src/crt0.o' -msys-lib=hal_bsp -L../l2_assembly_software_bsp/   -Wl,-Map=l2_assembly_software.map   -O0 -g -Wall   -mno-hw-div -mno-hw-mul -mno-hw-mulx -mgpopt=global  -o l2_assembly_software.elf obj/default/main.o -lm -msys-lib=m
nios2-elf-insert l2_assembly_software.elf --thread_model hal --cpu_name nios2_gen2_0 --qsys true --simulation_enabled false --id 0 --sidp 0x11030 --timestamp 1737575317 --stderr_dev jtag_uart_0 --stdin_dev jtag_uart_0 --stdout_dev jtag_uart_0 --sopc_system_name nios_system --quartus_project_dir "C:/Users/eec9960/Documents/ESD1/Labs/Lab2" --jdi ../..//output_files/nios_assembly_lab.jdi --sopcinfo C:/Users/eec9960/Documents/ESD1/Labs/Lab2/software/l2_assembly_software_bsp/../../nios_system.sopcinfo
Info: (l2_assembly_software.elf) 15 KBytes program size (code + initialized data).
Info:                            11 KBytes free for stack + heap.
Info: Creating l2_assembly_software.objdump
nios2-elf-objdump --disassemble --syms --all-header --source l2_assembly_software.elf >l2_assembly_software.objdump
[l2_assembly_software build complete]
15:46:36 **** Incremental Build of configuration Nios II for project l2_assembly_software ****
make all 
Info: Building ../l2_assembly_software_bsp/
C:/intelFPGA/18.1/nios2eds/bin/gnu/H-x86_64-mingw32/bin/make --no-print-directory -C ../l2_assembly_software_bsp/
[BSP build complete]
[l2_assembly_software build complete]
