12:48:56 **** Incremental Build of configuration Nios II for project l5_sw ****
make all 
Info: Building ../l5_sw_bsp/
C:/intelFPGA/18.1/nios2eds/bin/gnu/H-x86_64-mingw32/bin/make --no-print-directory -C ../l5_sw_bsp/
[BSP build complete]
Info: Compiling l5_main.c to obj/default/l5_main.o
nios2-elf-gcc -xc -MP -MMD -c -I../l5_sw_bsp//HAL/inc -I../l5_sw_bsp/ -I../l5_sw_bsp//drivers/inc  -pipe -D__hal__ -DALT_NO_INSTRUCTION_EMULATION -DALT_SINGLE_THREADED    -O0 -g -Wall   -mno-hw-div -mno-hw-mul -mno-hw-mulx -mgpopt=global  -o obj/default/l5_main.o l5_main.c
Info: Linking l5_sw.elf
nios2-elf-g++  -T'../l5_sw_bsp//linker.x' -msys-crt0='../l5_sw_bsp//obj/HAL/src/crt0.o' -msys-lib=hal_bsp -L../l5_sw_bsp/   -Wl,-Map=l5_sw.map   -O0 -g -Wall   -mno-hw-div -mno-hw-mul -mno-hw-mulx -mgpopt=global  -o l5_sw.elf obj/default/l5_main.o -lm -msys-lib=m
nios2-elf-insert l5_sw.elf --thread_model hal --cpu_name nios2_gen2_0 --qsys true --simulation_enabled false --id 0 --sidp 0x11078 --timestamp 1743007087 --stderr_dev jtag_uart_0 --stdin_dev jtag_uart_0 --stdout_dev jtag_uart_0 --sopc_system_name nios_system --quartus_project_dir "S:/ESD1/Labs/Lab5" --jdi ../..//output_files/servo_custom.jdi --sopcinfo S:/ESD1/Labs/Lab5/software/l5_sw_bsp/../../nios_system.sopcinfo
Info: (l5_sw.elf) 16 KBytes program size (code + initialized data).
Info:             10 KBytes free for stack + heap.
Info: Creating l5_sw.objdump
nios2-elf-objdump --disassemble --syms --all-header --source l5_sw.elf >l5_sw.objdump
[l5_sw build complete]
12:49:33 **** Incremental Build of configuration Nios II for project l5_sw ****
make all 
Info: Building ../l5_sw_bsp/
C:/intelFPGA/18.1/nios2eds/bin/gnu/H-x86_64-mingw32/bin/make --no-print-directory -C ../l5_sw_bsp/
[BSP build complete]
[l5_sw build complete]
